# JRE version: Java(TM) SE Runtime Environment (8.0_60-b27) (build 1.8.0_60-b27)
# Java VM: Java HotSpot(TM) 64-Bit Server VM (25.60-b23 mixed mode windows-amd64 compressed oops)
Heap:
 PSYoungGen      total 328192K, used 245644K [0x00000000eab00000, 0x0000000100000000, 0x0000000100000000)
  eden space 307200K, 79% used [0x00000000eab00000,0x00000000f9ae31e0,0x00000000fd700000)
  from space 20992K, 0% used [0x00000000fd700000,0x00000000fd700000,0x00000000feb80000)
  to   space 20992K, 0% used [0x00000000feb80000,0x00000000feb80000,0x0000000100000000)
 ParOldGen       total 88064K, used 51801K [0x00000000c0000000, 0x00000000c5600000, 0x00000000eab00000)
  object space 88064K, 58% used [0x00000000c0000000,0x00000000c32964d0,0x00000000c5600000)
 Metaspace       used 50308K, capacity 52732K, committed 52824K, reserved 1093632K
  class space    used 6926K, capacity 7806K, committed 7808K, reserved 1048576K
GC Heap History (10 events):
Event: 21.499 GC heap before
{Heap before GC invocations=8 (full 1):
 PSYoungGen      total 200704K, used 189688K [0x00000000eab00000, 0x00000000faf80000, 0x0000000100000000)
  eden space 187392K, 100% used [0x00000000eab00000,0x00000000f6200000,0x00000000f6200000)
  from space 13312K, 17% used [0x00000000f6e80000,0x00000000f70be110,0x00000000f7b80000)
  to   space 12800K, 0% used [0x00000000f6200000,0x00000000f6200000,0x00000000f6e80000)
 ParOldGen       total 67072K, used 11314K [0x00000000c0000000, 0x00000000c4180000, 0x00000000eab00000)
  object space 67072K, 16% used [0x00000000c0000000,0x00000000c0b0c8a0,0x00000000c4180000)
 Metaspace       used 31838K, capacity 32866K, committed 33152K, reserved 1077248K
  class space    used 4221K, capacity 4618K, committed 4736K, reserved 1048576K
Event: 21.548 GC heap after
Heap after GC invocations=8 (full 1):
 PSYoungGen      total 200192K, used 12799K [0x00000000eab00000, 0x0000000100000000, 0x0000000100000000)
  eden space 187392K, 0% used [0x00000000eab00000,0x00000000eab00000,0x00000000f6200000)
  from space 12800K, 99% used [0x00000000f6200000,0x00000000f6e7fcc0,0x00000000f6e80000)
  to   space 18432K, 0% used [0x00000000fee00000,0x00000000fee00000,0x0000000100000000)
 ParOldGen       total 67072K, used 16599K [0x00000000c0000000, 0x00000000c4180000, 0x00000000eab00000)
  object space 67072K, 24% used [0x00000000c0000000,0x00000000c1035ca0,0x00000000c4180000)
 Metaspace       used 31838K, capacity 32866K, committed 33152K, reserved 1077248K
  class space    used 4221K, capacity 4618K, committed 4736K, reserved 1048576K
}
Event: 22.505 GC heap before
{Heap before GC invocations=9 (full 1):
 PSYoungGen      total 200192K, used 58793K [0x00000000eab00000, 0x0000000100000000, 0x0000000100000000)
  eden space 187392K, 24% used [0x00000000eab00000,0x00000000ed7ea960,0x00000000f6200000)
  from space 12800K, 99% used [0x00000000f6200000,0x00000000f6e7fcc0,0x00000000f6e80000)
  to   space 18432K, 0% used [0x00000000fee00000,0x00000000fee00000,0x0000000100000000)
 ParOldGen       total 67072K, used 16599K [0x00000000c0000000, 0x00000000c4180000, 0x00000000eab00000)
  object space 67072K, 24% used [0x00000000c0000000,0x00000000c1035ca0,0x00000000c4180000)
 Metaspace       used 34341K, capacity 35334K, committed 35416K, reserved 1079296K
  class space    used 4602K, capacity 4992K, committed 4992K, reserved 1048576K
Event: 22.563 GC heap after
Heap after GC invocations=9 (full 1):
 PSYoungGen      total 325632K, used 14942K [0x00000000eab00000, 0x0000000100000000, 0x0000000100000000)
  eden space 307200K, 0% used [0x00000000eab00000,0x00000000eab00000,0x00000000fd700000)
  from space 18432K, 81% used [0x00000000fee00000,0x00000000ffc97a98,0x0000000100000000)
  to   space 20992K, 0% used [0x00000000fd700000,0x00000000fd700000,0x00000000feb80000)
 ParOldGen       total 67072K, used 17495K [0x00000000c0000000, 0x00000000c4180000, 0x00000000eab00000)
  object space 67072K, 26% used [0x00000000c0000000,0x00000000c1115df0,0x00000000c4180000)
 Metaspace       used 34341K, capacity 35334K, committed 35416K, reserved 1079296K
  class space    used 4602K, capacity 4992K, committed 4992K, reserved 1048576K
}
Event: 22.563 GC heap before
{Heap before GC invocations=10 (full 2):
 PSYoungGen      total 325632K, used 14942K [0x00000000eab00000, 0x0000000100000000, 0x0000000100000000)
  eden space 307200K, 0% used [0x00000000eab00000,0x00000000eab00000,0x00000000fd700000)
  from space 18432K, 81% used [0x00000000fee00000,0x00000000ffc97a98,0x0000000100000000)
  to   space 20992K, 0% used [0x00000000fd700000,0x00000000fd700000,0x00000000feb80000)
 ParOldGen       total 67072K, used 17495K [0x00000000c0000000, 0x00000000c4180000, 0x00000000eab00000)
  object space 67072K, 26% used [0x00000000c0000000,0x00000000c1115df0,0x00000000c4180000)
 Metaspace       used 34341K, capacity 35334K, committed 35416K, reserved 1079296K
  class space    used 4602K, capacity 4992K, committed 4992K, reserved 1048576K
Event: 22.740 GC heap after
Heap after GC invocations=10 (full 2):
 PSYoungGen      total 325632K, used 0K [0x00000000eab00000, 0x0000000100000000, 0x0000000100000000)
  eden space 307200K, 0% used [0x00000000eab00000,0x00000000eab00000,0x00000000fd700000)
  from space 18432K, 0% used [0x00000000fee00000,0x00000000fee00000,0x0000000100000000)
  to   space 20992K, 0% used [0x00000000fd700000,0x00000000fd700000,0x00000000feb80000)
 ParOldGen       total 88064K, used 22263K [0x00000000c0000000, 0x00000000c5600000, 0x00000000eab00000)
  object space 88064K, 25% used [0x00000000c0000000,0x00000000c15bdf80,0x00000000c5600000)
 Metaspace       used 34307K, capacity 35220K, committed 35416K, reserved 1079296K
  class space    used 4596K, capacity 4958K, committed 4992K, reserved 1048576K
}
Event: 28.456 GC heap before
{Heap before GC invocations=11 (full 2):
 PSYoungGen      total 325632K, used 278491K [0x00000000eab00000, 0x0000000100000000, 0x0000000100000000)
  eden space 307200K, 90% used [0x00000000eab00000,0x00000000fbaf6f70,0x00000000fd700000)
  from space 18432K, 0% used [0x00000000fee00000,0x00000000fee00000,0x0000000100000000)
  to   space 20992K, 0% used [0x00000000fd700000,0x00000000fd700000,0x00000000feb80000)
 ParOldGen       total 88064K, used 22263K [0x00000000c0000000, 0x00000000c5600000, 0x00000000eab00000)
  object space 88064K, 25% used [0x00000000c0000000,0x00000000c15bdf80,0x00000000c5600000)
 Metaspace       used 43569K, capacity 45566K, committed 45784K, reserved 1087488K
  class space    used 6035K, capacity 6789K, committed 6912K, reserved 1048576K
Event: 29.131 GC heap after
Heap after GC invocations=11 (full 2):
 PSYoungGen      total 328192K, used 20976K [0x00000000eab00000, 0x0000000100000000, 0x0000000100000000)
  eden space 307200K, 0% used [0x00000000eab00000,0x00000000eab00000,0x00000000fd700000)
  from space 20992K, 99% used [0x00000000fd700000,0x00000000feb7c030,0x00000000feb80000)
  to   space 20992K, 0% used [0x00000000feb80000,0x00000000feb80000,0x0000000100000000)
 ParOldGen       total 88064K, used 33457K [0x00000000c0000000, 0x00000000c5600000, 0x00000000eab00000)
  object space 88064K, 37% used [0x00000000c0000000,0x00000000c20ac6b8,0x00000000c5600000)
 Metaspace       used 43569K, capacity 45566K, committed 45784K, reserved 1087488K
  class space    used 6035K, capacity 6789K, committed 6912K, reserved 1048576K
}
Event: 29.131 GC heap before
{Heap before GC invocations=12 (full 3):
 PSYoungGen      total 328192K, used 20976K [0x00000000eab00000, 0x0000000100000000, 0x0000000100000000)
  eden space 307200K, 0% used [0x00000000eab00000,0x00000000eab00000,0x00000000fd700000)
  from space 20992K, 99% used [0x00000000fd700000,0x00000000feb7c030,0x00000000feb80000)
  to   space 20992K, 0% used [0x00000000feb80000,0x00000000feb80000,0x0000000100000000)
 ParOldGen       total 88064K, used 33457K [0x00000000c0000000, 0x00000000c5600000, 0x00000000eab00000)
  object space 88064K, 37% used [0x00000000c0000000,0x00000000c20ac6b8,0x00000000c5600000)
 Metaspace       used 43569K, capacity 45566K, committed 45784K, reserved 1087488K
  class space    used 6035K, capacity 6789K, committed 6912K, reserved 1048576K
Event: 29.523 GC heap after
Heap after GC invocations=12 (full 3):
 PSYoungGen      total 328192K, used 0K [0x00000000eab00000, 0x0000000100000000, 0x0000000100000000)
  eden space 307200K, 0% used [0x00000000eab00000,0x00000000eab00000,0x00000000fd700000)
  from space 20992K, 0% used [0x00000000fd700000,0x00000000fd700000,0x00000000feb80000)
  to   space 20992K, 0% used [0x00000000feb80000,0x00000000feb80000,0x0000000100000000)
 ParOldGen       total 88064K, used 51801K [0x00000000c0000000, 0x00000000c5600000, 0x00000000eab00000)
  object space 88064K, 58% used [0x00000000c0000000,0x00000000c32964d0,0x00000000c5600000)
 Metaspace       used 43569K, capacity 45566K, committed 45784K, reserved 1087488K
  class space    used 6035K, capacity 6789K, committed 6912K, reserved 1048576K
}

