# JRE version: Java(TM) SE Runtime Environment (7.0_51-b13) (build 1.7.0_51-b13)
# Java VM: Java HotSpot(TM) 64-Bit Server VM (24.51-b03 mixed mode windows-amd64 compressed oops)
Heap
 PSYoungGen      total 208896K, used 32800K [0x00000000eaa80000, 0x00000000f9080000, 0x0000000100000000)
  eden space 188416K, 13% used [0x00000000eaa80000,0x00000000ec2e19a0,0x00000000f6280000)
  from space 20480K, 38% used [0x00000000f7c80000,0x00000000f84266c8,0x00000000f9080000)
  to   space 23552K, 0% used [0x00000000f6280000,0x00000000f6280000,0x00000000f7980000)
 ParOldGen       total 82432K, used 44560K [0x00000000c0000000, 0x00000000c5080000, 0x00000000eaa80000)
  object space 82432K, 54% used [0x00000000c0000000,0x00000000c2b84300,0x00000000c5080000)
 PSPermGen       total 91648K, used 51083K [0x00000000b0000000, 0x00000000b5980000, 0x00000000c0000000)
  object space 91648K, 55% used [0x00000000b0000000,0x00000000b31e2cd8,0x00000000b5980000)
GC Heap History (10 events):
Event: 301.419 GC heap before
{Heap before GC invocations=14 (full 1):
 PSYoungGen      total 194048K, used 189696K [0x00000000eaa80000, 0x00000000f7f80000, 0x0000000100000000)
  eden space 187392K, 100% used [0x00000000eaa80000,0x00000000f6180000,0x00000000f6180000)
  from space 6656K, 34% used [0x00000000f7900000,0x00000000f7b40020,0x00000000f7f80000)
  to   space 15360K, 0% used [0x00000000f6180000,0x00000000f6180000,0x00000000f7080000)
 ParOldGen       total 42496K, used 27656K [0x00000000c0000000, 0x00000000c2980000, 0x00000000eaa80000)
  object space 42496K, 65% used [0x00000000c0000000,0x00000000c1b02278,0x00000000c2980000)
 PSPermGen       total 71680K, used 41835K [0x00000000b0000000, 0x00000000b4600000, 0x00000000c0000000)
  object space 71680K, 58% used [0x00000000b0000000,0x00000000b28dae88,0x00000000b4600000)
Event: 301.434 GC heap after
Heap after GC invocations=14 (full 1):
 PSYoungGen      total 188928K, used 9518K [0x00000000eaa80000, 0x00000000f7980000, 0x0000000100000000)
  eden space 179200K, 0% used [0x00000000eaa80000,0x00000000eaa80000,0x00000000f5980000)
  from space 9728K, 97% used [0x00000000f6180000,0x00000000f6acb858,0x00000000f6b00000)
  to   space 14848K, 0% used [0x00000000f6b00000,0x00000000f6b00000,0x00000000f7980000)
 ParOldGen       total 42496K, used 28668K [0x00000000c0000000, 0x00000000c2980000, 0x00000000eaa80000)
  object space 42496K, 67% used [0x00000000c0000000,0x00000000c1bff3a0,0x00000000c2980000)
 PSPermGen       total 71680K, used 41835K [0x00000000b0000000, 0x00000000b4600000, 0x00000000c0000000)
  object space 71680K, 58% used [0x00000000b0000000,0x00000000b28dae88,0x00000000b4600000)
}
Event: 319.966 GC heap before
{Heap before GC invocations=15 (full 1):
 PSYoungGen      total 188928K, used 170769K [0x00000000eaa80000, 0x00000000f7980000, 0x0000000100000000)
  eden space 179200K, 89% used [0x00000000eaa80000,0x00000000f47f8c90,0x00000000f5980000)
  from space 9728K, 97% used [0x00000000f6180000,0x00000000f6acb858,0x00000000f6b00000)
  to   space 14848K, 0% used [0x00000000f6b00000,0x00000000f6b00000,0x00000000f7980000)
 ParOldGen       total 42496K, used 28668K [0x00000000c0000000, 0x00000000c2980000, 0x00000000eaa80000)
  object space 42496K, 67% used [0x00000000c0000000,0x00000000c1bff3a0,0x00000000c2980000)
 PSPermGen       total 71680K, used 47076K [0x00000000b0000000, 0x00000000b4600000, 0x00000000c0000000)
  object space 71680K, 65% used [0x00000000b0000000,0x00000000b2df9108,0x00000000b4600000)
Event: 320.010 GC heap after
Heap after GC invocations=15 (full 1):
 PSYoungGen      total 190464K, used 14841K [0x00000000eaa80000, 0x00000000f8380000, 0x0000000100000000)
  eden space 175616K, 0% used [0x00000000eaa80000,0x00000000eaa80000,0x00000000f5600000)
  from space 14848K, 99% used [0x00000000f6b00000,0x00000000f797e608,0x00000000f7980000)
  to   space 21504K, 0% used [0x00000000f5600000,0x00000000f5600000,0x00000000f6b00000)
 ParOldGen       total 42496K, used 38350K [0x00000000c0000000, 0x00000000c2980000, 0x00000000eaa80000)
  object space 42496K, 90% used [0x00000000c0000000,0x00000000c2573aa8,0x00000000c2980000)
 PSPermGen       total 71680K, used 47076K [0x00000000b0000000, 0x00000000b4600000, 0x00000000c0000000)
  object space 71680K, 65% used [0x00000000b0000000,0x00000000b2df9108,0x00000000b4600000)
}
Event: 320.010 GC heap before
{Heap before GC invocations=16 (full 2):
 PSYoungGen      total 190464K, used 14841K [0x00000000eaa80000, 0x00000000f8380000, 0x0000000100000000)
  eden space 175616K, 0% used [0x00000000eaa80000,0x00000000eaa80000,0x00000000f5600000)
  from space 14848K, 99% used [0x00000000f6b00000,0x00000000f797e608,0x00000000f7980000)
  to   space 21504K, 0% used [0x00000000f5600000,0x00000000f5600000,0x00000000f6b00000)
 ParOldGen       total 42496K, used 38350K [0x00000000c0000000, 0x00000000c2980000, 0x00000000eaa80000)
  object space 42496K, 90% used [0x00000000c0000000,0x00000000c2573aa8,0x00000000c2980000)
 PSPermGen       total 71680K, used 47076K [0x00000000b0000000, 0x00000000b4600000, 0x00000000c0000000)
  object space 71680K, 65% used [0x00000000b0000000,0x00000000b2df9108,0x00000000b4600000)
Event: 320.448 GC heap after
Heap after GC invocations=16 (full 2):
 PSYoungGen      total 190464K, used 2038K [0x00000000eaa80000, 0x00000000f8380000, 0x0000000100000000)
  eden space 175616K, 0% used [0x00000000eaa80000,0x00000000eaa80000,0x00000000f5600000)
  from space 14848K, 13% used [0x00000000f6b00000,0x00000000f6cfdb70,0x00000000f7980000)
  to   space 21504K, 0% used [0x00000000f5600000,0x00000000f5600000,0x00000000f6b00000)
 ParOldGen       total 42496K, used 42307K [0x00000000c0000000, 0x00000000c2980000, 0x00000000eaa80000)
  object space 42496K, 99% used [0x00000000c0000000,0x00000000c2950e98,0x00000000c2980000)
 PSPermGen       total 89088K, used 46993K [0x00000000b0000000, 0x00000000b5700000, 0x00000000c0000000)
  object space 89088K, 52% used [0x00000000b0000000,0x00000000b2de4528,0x00000000b5700000)
}
Event: 337.853 GC heap before
{Heap before GC invocations=17 (full 3):
 PSYoungGen      total 190464K, used 177654K [0x00000000eaa80000, 0x00000000f8380000, 0x0000000100000000)
  eden space 175616K, 100% used [0x00000000eaa80000,0x00000000f5600000,0x00000000f5600000)
  from space 14848K, 13% used [0x00000000f6b00000,0x00000000f6cfdb70,0x00000000f7980000)
  to   space 21504K, 0% used [0x00000000f5600000,0x00000000f5600000,0x00000000f6b00000)
 ParOldGen       total 42496K, used 42307K [0x00000000c0000000, 0x00000000c2980000, 0x00000000eaa80000)
  object space 42496K, 99% used [0x00000000c0000000,0x00000000c2950e98,0x00000000c2980000)
 PSPermGen       total 89088K, used 48234K [0x00000000b0000000, 0x00000000b5700000, 0x00000000c0000000)
  object space 89088K, 54% used [0x00000000b0000000,0x00000000b2f1aa88,0x00000000b5700000)
Event: 338.284 GC heap after
Heap after GC invocations=17 (full 3):
 PSYoungGen      total 190464K, used 7738K [0x00000000eaa80000, 0x00000000f8380000, 0x0000000100000000)
  eden space 175616K, 4% used [0x00000000eaa80000,0x00000000eb20eb90,0x00000000f5600000)
  from space 14848K, 0% used [0x00000000f6b00000,0x00000000f6b00000,0x00000000f7980000)
  to   space 21504K, 0% used [0x00000000f5600000,0x00000000f5600000,0x00000000f6b00000)
 ParOldGen       total 82432K, used 42495K [0x00000000c0000000, 0x00000000c5080000, 0x00000000eaa80000)
  object space 82432K, 51% used [0x00000000c0000000,0x00000000c297fcf8,0x00000000c5080000)
 PSPermGen       total 91648K, used 48233K [0x00000000b0000000, 0x00000000b5980000, 0x00000000c0000000)
  object space 91648K, 52% used [0x00000000b0000000,0x00000000b2f1a708,0x00000000b5980000)
}
Event: 368.466 GC heap before
{Heap before GC invocations=18 (full 3):
 PSYoungGen      total 190464K, used 175616K [0x00000000eaa80000, 0x00000000f8380000, 0x0000000100000000)
  eden space 175616K, 100% used [0x00000000eaa80000,0x00000000f5600000,0x00000000f5600000)
  from space 14848K, 0% used [0x00000000f6b00000,0x00000000f6b00000,0x00000000f7980000)
  to   space 21504K, 0% used [0x00000000f5600000,0x00000000f5600000,0x00000000f6b00000)
 ParOldGen       total 82432K, used 42495K [0x00000000c0000000, 0x00000000c5080000, 0x00000000eaa80000)
  object space 82432K, 51% used [0x00000000c0000000,0x00000000c297fcf8,0x00000000c5080000)
 PSPermGen       total 91648K, used 50224K [0x00000000b0000000, 0x00000000b5980000, 0x00000000c0000000)
  object space 91648K, 54% used [0x00000000b0000000,0x00000000b310c2b0,0x00000000b5980000)
Event: 368.538 GC heap after
Heap after GC invocations=18 (full 3):
 PSYoungGen      total 197120K, used 19875K [0x00000000eaa80000, 0x00000000f9480000, 0x0000000100000000)
  eden space 175616K, 0% used [0x00000000eaa80000,0x00000000eaa80000,0x00000000f5600000)
  from space 21504K, 92% used [0x00000000f5600000,0x00000000f6968c08,0x00000000f6b00000)
  to   space 24576K, 0% used [0x00000000f7c80000,0x00000000f7c80000,0x00000000f9480000)
 ParOldGen       total 82432K, used 44560K [0x00000000c0000000, 0x00000000c5080000, 0x00000000eaa80000)
  object space 82432K, 54% used [0x00000000c0000000,0x00000000c2b84300,0x00000000c5080000)
 PSPermGen       total 91648K, used 50224K [0x00000000b0000000, 0x00000000b5980000, 0x00000000c0000000)
  object space 91648K, 54% used [0x00000000b0000000,0x00000000b310c2b0,0x00000000b5980000)
}

